  [1m[35m (0.1ms)[0m  [1m[34mSELECT sqlite_version(*)[0m
  ↳ bin/rails:4
  [1m[35m (1.8ms)[0m  [1m[35mCREATE TABLE "schema_migrations" ("version" varchar NOT NULL PRIMARY KEY)[0m
  ↳ bin/rails:4
  [1m[35m (1.3ms)[0m  [1m[35mCREATE TABLE "ar_internal_metadata" ("key" varchar NOT NULL PRIMARY KEY, "value" varchar, "created_at" datetime NOT NULL, "updated_at" datetime NOT NULL)[0m
  ↳ bin/rails:4
  [1m[35m (0.1ms)[0m  [1m[34mSELECT "schema_migrations"."version" FROM "schema_migrations" ORDER BY "schema_migrations"."version" ASC[0m
  ↳ bin/rails:4
Migrating to CreateCompanies (20180906123513)
  [1m[35m (0.1ms)[0m  [1m[36mbegin transaction[0m
  ↳ bin/rails:4
  [1m[35m (0.0ms)[0m  [1m[31mrollback transaction[0m
  ↳ bin/rails:4
  [1m[35m (0.4ms)[0m  [1m[34mSELECT "schema_migrations"."version" FROM "schema_migrations" ORDER BY "schema_migrations"."version" ASC[0m
  ↳ bin/rails:4
Migrating to CreateCompanies (20180906123513)
  [1m[35m (0.1ms)[0m  [1m[36mbegin transaction[0m
  ↳ bin/rails:4
  [1m[35m (0.1ms)[0m  [1m[34mSELECT sqlite_version(*)[0m
  ↳ db/migrate/20180906123513_create_companies.rb:3
  [1m[35m (1.1ms)[0m  [1m[35mCREATE TABLE "companies" ("id" integer PRIMARY KEY AUTOINCREMENT NOT NULL, "name" varchar, "sync_time" integer, "created_at" datetime NOT NULL, "updated_at" datetime NOT NULL)[0m
  ↳ db/migrate/20180906123513_create_companies.rb:3
  [1m[35m (0.2ms)[0m  [1m[35mCREATE UNIQUE INDEX "index_companies_on_name" ON "companies" ("name")[0m
  ↳ db/migrate/20180906123513_create_companies.rb:10
  [1m[36mActiveRecord::SchemaMigration Create (0.6ms)[0m  [1m[32mINSERT INTO "schema_migrations" ("version") VALUES (?)[0m  [["version", "20180906123513"]]
  ↳ bin/rails:4
  [1m[35m (1.6ms)[0m  [1m[36mcommit transaction[0m
  ↳ bin/rails:4
Migrating to CreateDomains (20180906123645)
  [1m[35m (0.1ms)[0m  [1m[36mbegin transaction[0m
  ↳ bin/rails:4
  [1m[35m (0.4ms)[0m  [1m[35mCREATE TABLE "domains" ("id" integer PRIMARY KEY AUTOINCREMENT NOT NULL, "domain" varchar, "protocol" varchar, "port" integer, "user_base" varchar, "user_dn" varchar, "user_password" varchar, "company_id" integer, "created_at" datetime NOT NULL, "updated_at" datetime NOT NULL, CONSTRAINT "fk_rails_76d46ed28d"
FOREIGN KEY ("company_id")
  REFERENCES "companies" ("id")
 ON DELETE CASCADE)[0m
  ↳ db/migrate/20180906123645_create_domains.rb:3
  [1m[35m (0.1ms)[0m  [1m[35mCREATE  INDEX "index_domains_on_company_id" ON "domains" ("company_id")[0m
  ↳ db/migrate/20180906123645_create_domains.rb:3
  [1m[35m (0.1ms)[0m  [1m[35mCREATE UNIQUE INDEX "index_domains_on_domain" ON "domains" ("domain")[0m
  ↳ db/migrate/20180906123645_create_domains.rb:16
  [1m[36mActiveRecord::SchemaMigration Create (0.2ms)[0m  [1m[32mINSERT INTO "schema_migrations" ("version") VALUES (?)[0m  [["version", "20180906123645"]]
  ↳ bin/rails:4
  [1m[35m (0.8ms)[0m  [1m[36mcommit transaction[0m
  ↳ bin/rails:4
Migrating to CreateGroups (20180906123722)
  [1m[35m (0.1ms)[0m  [1m[36mbegin transaction[0m
  ↳ bin/rails:4
  [1m[35m (0.5ms)[0m  [1m[35mCREATE TABLE "groups" ("id" integer PRIMARY KEY AUTOINCREMENT NOT NULL, "domain_name" varchar, "usn" varchar, "domain_id" integer, "created_at" datetime NOT NULL, "updated_at" datetime NOT NULL, CONSTRAINT "fk_rails_fb682b68d2"
FOREIGN KEY ("domain_id")
  REFERENCES "domains" ("id")
 ON DELETE CASCADE)[0m
  ↳ db/migrate/20180906123722_create_groups.rb:3
  [1m[35m (0.2ms)[0m  [1m[35mCREATE  INDEX "index_groups_on_domain_id" ON "groups" ("domain_id")[0m
  ↳ db/migrate/20180906123722_create_groups.rb:3
  [1m[36mActiveRecord::SchemaMigration Create (0.3ms)[0m  [1m[32mINSERT INTO "schema_migrations" ("version") VALUES (?)[0m  [["version", "20180906123722"]]
  ↳ bin/rails:4
  [1m[35m (1.2ms)[0m  [1m[36mcommit transaction[0m
  ↳ bin/rails:4
Migrating to CreateSearchFilters (20180906124022)
  [1m[35m (0.2ms)[0m  [1m[36mbegin transaction[0m
  ↳ bin/rails:4
  [1m[35m (0.8ms)[0m  [1m[35mCREATE TABLE "search_filters" ("id" integer PRIMARY KEY AUTOINCREMENT NOT NULL, "label" varchar, "group" varchar, "user_domain_users_group" boolean, "is_match" boolean, "is_sync_required" boolean, "group_id" integer, "created_at" datetime NOT NULL, "updated_at" datetime NOT NULL, CONSTRAINT "fk_rails_8dd17885c3"
FOREIGN KEY ("group_id")
  REFERENCES "groups" ("id")
 ON DELETE CASCADE)[0m
  ↳ db/migrate/20180906124022_create_search_filters.rb:3
  [1m[35m (0.3ms)[0m  [1m[35mCREATE  INDEX "index_search_filters_on_group_id" ON "search_filters" ("group_id")[0m
  ↳ db/migrate/20180906124022_create_search_filters.rb:3
  [1m[36mActiveRecord::SchemaMigration Create (0.6ms)[0m  [1m[32mINSERT INTO "schema_migrations" ("version") VALUES (?)[0m  [["version", "20180906124022"]]
  ↳ bin/rails:4
  [1m[35m (1.4ms)[0m  [1m[36mcommit transaction[0m
  ↳ bin/rails:4
Migrating to CreateAttributeMappers (20180906124223)
  [1m[35m (0.1ms)[0m  [1m[36mbegin transaction[0m
  ↳ bin/rails:4
  [1m[35m (0.9ms)[0m  [1m[35mCREATE TABLE "attribute_mappers" ("id" integer PRIMARY KEY AUTOINCREMENT NOT NULL, "first_name" varchar, "last_name" varchar, "email_address" varchar, "department" varchar, "phone_number" varchar, "postal_code" varchar, "perfecture" varchar, "ward" varchar, "address" varchar, "company_id" integer, "created_at" datetime NOT NULL, "updated_at" datetime NOT NULL, CONSTRAINT "fk_rails_82b41f463d"
FOREIGN KEY ("company_id")
  REFERENCES "companies" ("id")
 ON DELETE CASCADE)[0m
  ↳ db/migrate/20180906124223_create_attribute_mappers.rb:3
  [1m[35m (0.2ms)[0m  [1m[35mCREATE  INDEX "index_attribute_mappers_on_company_id" ON "attribute_mappers" ("company_id")[0m
  ↳ db/migrate/20180906124223_create_attribute_mappers.rb:3
  [1m[36mActiveRecord::SchemaMigration Create (0.7ms)[0m  [1m[32mINSERT INTO "schema_migrations" ("version") VALUES (?)[0m  [["version", "20180906124223"]]
  ↳ bin/rails:4
  [1m[35m (2.9ms)[0m  [1m[36mcommit transaction[0m
  ↳ bin/rails:4
Migrating to CreateSearchOperations (20180906124443)
  [1m[35m (0.1ms)[0m  [1m[36mbegin transaction[0m
  ↳ bin/rails:4
  [1m[35m (0.5ms)[0m  [1m[35mCREATE TABLE "search_operations" ("id" integer PRIMARY KEY AUTOINCREMENT NOT NULL, "source_dc" varchar, "usn" integer, "status" varchar, "status_update_date" date, "is_full_sync" boolean, "group_update_type" varchar, "group_id" integer, "domain_id" integer, "created_at" datetime NOT NULL, "updated_at" datetime NOT NULL, CONSTRAINT "fk_rails_fc8ccbf8a6"
FOREIGN KEY ("group_id")
  REFERENCES "groups" ("id")
 ON DELETE CASCADE, CONSTRAINT "fk_rails_63d53e66fa"
FOREIGN KEY ("domain_id")
  REFERENCES "domains" ("id")
)[0m
  ↳ db/migrate/20180906124443_create_search_operations.rb:3
  [1m[35m (0.1ms)[0m  [1m[35mCREATE  INDEX "index_search_operations_on_group_id" ON "search_operations" ("group_id")[0m
  ↳ db/migrate/20180906124443_create_search_operations.rb:3
  [1m[35m (0.2ms)[0m  [1m[35mCREATE  INDEX "index_search_operations_on_domain_id" ON "search_operations" ("domain_id")[0m
  ↳ db/migrate/20180906124443_create_search_operations.rb:3
  [1m[36mActiveRecord::SchemaMigration Create (0.2ms)[0m  [1m[32mINSERT INTO "schema_migrations" ("version") VALUES (?)[0m  [["version", "20180906124443"]]
  ↳ bin/rails:4
  [1m[35m (1.3ms)[0m  [1m[36mcommit transaction[0m
  ↳ bin/rails:4
Migrating to CreateUsers (20180906124711)
  [1m[35m (0.1ms)[0m  [1m[36mbegin transaction[0m
  ↳ bin/rails:4
  [1m[35m (0.6ms)[0m  [1m[35mCREATE TABLE "users" ("id" integer PRIMARY KEY AUTOINCREMENT NOT NULL, "distinguished_name" varchar, "base" varchar, "object_guid" varchar, "account_enabled" boolean, "current_member" boolean, "sync_required" boolean, "usn" integer, "company_id" integer, "domain_id" integer, "group_id" integer, "search_filter_id" integer, "search_operation_id" integer, "created_at" datetime NOT NULL, "updated_at" datetime NOT NULL, CONSTRAINT "fk_rails_7682a3bdfe"
FOREIGN KEY ("company_id")
  REFERENCES "companies" ("id")
 ON DELETE CASCADE, CONSTRAINT "fk_rails_496e3b6d2c"
FOREIGN KEY ("domain_id")
  REFERENCES "domains" ("id")
, CONSTRAINT "fk_rails_f40b3f4da6"
FOREIGN KEY ("group_id")
  REFERENCES "groups" ("id")
, CONSTRAINT "fk_rails_c20c1d1383"
FOREIGN KEY ("search_filter_id")
  REFERENCES "search_filters" ("id")
, CONSTRAINT "fk_rails_4ea23b7120"
FOREIGN KEY ("search_operation_id")
  REFERENCES "search_operations" ("id")
)[0m
  ↳ db/migrate/20180906124711_create_users.rb:3
  [1m[35m (0.3ms)[0m  [1m[35mCREATE  INDEX "index_users_on_company_id" ON "users" ("company_id")[0m
  ↳ db/migrate/20180906124711_create_users.rb:3
  [1m[35m (0.1ms)[0m  [1m[35mCREATE  INDEX "index_users_on_domain_id" ON "users" ("domain_id")[0m
  ↳ db/migrate/20180906124711_create_users.rb:3
  [1m[35m (0.1ms)[0m  [1m[35mCREATE  INDEX "index_users_on_group_id" ON "users" ("group_id")[0m
  ↳ db/migrate/20180906124711_create_users.rb:3
  [1m[35m (0.4ms)[0m  [1m[35mCREATE  INDEX "index_users_on_search_filter_id" ON "users" ("search_filter_id")[0m
  ↳ db/migrate/20180906124711_create_users.rb:3
  [1m[35m (0.1ms)[0m  [1m[35mCREATE  INDEX "index_users_on_search_operation_id" ON "users" ("search_operation_id")[0m
  ↳ db/migrate/20180906124711_create_users.rb:3
  [1m[36mActiveRecord::SchemaMigration Create (0.2ms)[0m  [1m[32mINSERT INTO "schema_migrations" ("version") VALUES (?)[0m  [["version", "20180906124711"]]
  ↳ bin/rails:4
  [1m[35m (1.1ms)[0m  [1m[36mcommit transaction[0m
  ↳ bin/rails:4
  [1m[36mActiveRecord::InternalMetadata Load (0.4ms)[0m  [1m[34mSELECT  "ar_internal_metadata".* FROM "ar_internal_metadata" WHERE "ar_internal_metadata"."key" = ? LIMIT ?[0m  [["key", "environment"], ["LIMIT", 1]]
  ↳ bin/rails:4
  [1m[35m (0.1ms)[0m  [1m[36mbegin transaction[0m
  ↳ bin/rails:4
  [1m[36mActiveRecord::InternalMetadata Create (1.6ms)[0m  [1m[32mINSERT INTO "ar_internal_metadata" ("key", "value", "created_at", "updated_at") VALUES (?, ?, ?, ?)[0m  [["key", "environment"], ["value", "development"], ["created_at", "2018-09-06 13:03:23.352378"], ["updated_at", "2018-09-06 13:03:23.352378"]]
  ↳ bin/rails:4
  [1m[35m (1.3ms)[0m  [1m[36mcommit transaction[0m
  ↳ bin/rails:4
  [1m[35m (0.4ms)[0m  [1m[34mSELECT "schema_migrations"."version" FROM "schema_migrations" ORDER BY "schema_migrations"."version" ASC[0m
  ↳ bin/rails:4
